Obtencao de dados realizada com sucesso:  01/29/2024 03:54:15 PM
Extracao de dados realizada com sucesso:  01/29/2024 03:54:15 PM
DF criado com sucesso:  01/29/2024 03:54:15 PM
01/29/2024 07:42:10 PM - ApiCollector - WARNING - Obtencao de dados falhou: 
01/29/2024 07:42:10 PM - ApiCollector - INFO - Extracao de dados realizada com sucesso: 
01/29/2024 07:42:10 PM - ApiCollector - INFO - DF criado com sucesso: 
01/29/2024 07:48:25 PM - ApiCollector - WARNING - Obtencao de dados falhou: 
01/29/2024 07:48:25 PM - ApiCollector - INFO - Extracao de dados realizada com sucesso: 
01/29/2024 07:48:25 PM - ApiCollector - INFO - DF criado com sucesso: 
01/29/2024 07:48:45 PM - ApiCollector - WARNING - Obtencao de dados falhou
01/29/2024 07:48:45 PM - ApiCollector - WARNING - Processo falhou na etapa get_data
01/29/2024 07:53:19 PM - ApiCollector - INFO - Obtencao de dados realizada com sucesso
01/29/2024 07:53:19 PM - ApiCollector - INFO - Extracao de dados realizada com sucesso
01/29/2024 07:53:19 PM - ApiCollector - INFO - DF criado com sucesso
01/29/2024 07:53:57 PM - ApiCollector - INFO - Obtencao de dados realizada com sucesso
01/29/2024 07:55:36 PM - ApiCollector - INFO - Obtencao de dados realizada com sucesso
01/29/2024 07:57:10 PM - ApiCollector - INFO - Obtencao de dados realizada com sucesso
01/29/2024 07:57:44 PM - ApiCollector - INFO - Obtencao de dados realizada com sucesso
01/29/2024 07:58:06 PM - ApiCollector - INFO - Obtencao de dados realizada com sucesso
01/29/2024 07:59:21 PM - ApiCollector - INFO - Obtencao de dados realizada com sucesso
01/29/2024 07:59:30 PM - ApiCollector - INFO - Obtencao de dados realizada com sucesso
01/29/2024 08:02:15 PM - ApiCollector - INFO - Obtencao de dados realizada com sucesso
01/29/2024 08:03:22 PM - ApiCollector - INFO - Obtencao de dados realizada com sucesso
01/29/2024 08:04:34 PM - ApiCollector - INFO - Obtencao de dados realizada com sucesso
01/29/2024 08:04:34 PM - ApiCollector - INFO - Extracao de dados realizada com sucesso
01/29/2024 08:04:47 PM - ApiCollector - INFO - Obtencao de dados realizada com sucesso
01/29/2024 08:04:47 PM - ApiCollector - INFO - Extracao de dados realizada com sucesso
01/29/2024 08:04:50 PM - ApiCollector - INFO - Obtencao de dados realizada com sucesso
01/29/2024 08:04:50 PM - ApiCollector - INFO - Extracao de dados realizada com sucesso
01/29/2024 08:05:39 PM - ApiCollector - INFO - Obtencao de dados realizada com sucesso
01/29/2024 08:05:39 PM - ApiCollector - INFO - Extracao de dados realizada com sucesso
01/29/2024 08:05:39 PM - ApiCollector - INFO - DF criado com sucesso
